<?xml version="1.0" encoding="UTF-8"?>
<!-- Generated by org.testng.reporters.JUnitReportReporter -->
<testsuite hostname="Hemendra" failures="0" tests="1" name="cucumberoption.Runner" time="78.289" errors="0" timestamp="2023-04-15T19:33:48 IST" skipped="0">
  <testcase classname="cucumberoption.Runner" name="runScenario" time="78.289"/>
  <system-out/>
</testsuite> <!-- cucumberoption.Runner -->
