<?xml version="1.0" encoding="UTF-8"?>
<!-- Generated by org.testng.reporters.JUnitReportReporter -->
<testsuite hostname="Hemendra" failures="0" tests="1" name="cucumberoption.Runner" time="89.182" errors="0" timestamp="2023-04-16T21:11:45 IST" skipped="0">
  <testcase classname="cucumberoption.Runner" name="runScenario" time="89.182"/>
  <system-out/>
</testsuite> <!-- cucumberoption.Runner -->
